Using pre-set license
Built from '2020.3/staging' branch; Version is '2020.3.20f1 (41c4e627c95f) revision 4310246'; Using compiler version '192528614'; Build Type 'Release'
OS: 'Windows 10 Education; OS build 19043.1348; Version 2009; 64bit' Language: 'pt' Physical Memory: 4095 MB
BatchMode: 1, IsHumanControllingUs: 0, StartBugReporterOnCrash: 0, Is64bit: 1, IsPro: 0

COMMAND LINE ARGUMENTS:
C:\Program Files\Unity\Hub\Editor\2020.3.20f1\Editor\Unity.exe
-adb2
-batchMode
-noUpm
-name
AssetImportWorker0
-projectPath
C:/Users/ANTNIO~1/AppData/Local/Temp/93891ba377d42eb418283dbe875234ba
-logFile
Logs/AssetImportWorker0.log
-srvPort
51261
Successfully changed project path to: C:/Users/ANTNIO~1/AppData/Local/Temp/93891ba377d42eb418283dbe875234ba
C:/Users/ANTNIO~1/AppData/Local/Temp/93891ba377d42eb418283dbe875234ba
Using Asset Import Pipeline V2.
Refreshing native plugins compatible for Editor in 529.29 ms, found 2 plugins.
Preloading 0 native plugins for Editor in 0.00 ms.
Initialize engine version: 2020.3.20f1 (41c4e627c95f)
[Subsystems] Discovering subsystems at path C:/Program Files/Unity/Hub/Editor/2020.3.20f1/Editor/Data/Resources/UnitySubsystems
[Subsystems] Discovering subsystems at path C:/Users/ANTNIO~1/AppData/Local/Temp/93891ba377d42eb418283dbe875234ba/Assets
GfxDevice: creating device client; threaded=0
Direct3D:
    Version:  Direct3D 11.0 [level 10.1]
    Renderer: NVIDIA GeForce 210  (ID=0xa65)
    Vendor:   
    VRAM:     972 MB
    Driver:   21.21.13.4201
Could not load symbol clCreateImage : Não foi possível encontrar o procedimento especificado.

Could not load symbol clEnqueueFillBuffer : Não foi possível encontrar o procedimento especificado.

Could not load symbol clEnqueueFillImage : Não foi possível encontrar o procedimento especificado.

Could not load symbol clEnqueueMarkerWithWaitList : Não foi possível encontrar o procedimento especificado.

Could not load symbol clGetExtensionFunctionAddressForPlatform : Não foi possível encontrar o procedimento especificado.

Could not load symbol clUnloadPlatformCompiler : Não foi possível encontrar o procedimento especificado.

Could not load symbol clCreateFromGLTexture : Não foi possível encontrar o procedimento especificado.

Initialize mono
Mono path[0] = 'C:/Program Files/Unity/Hub/Editor/2020.3.20f1/Editor/Data/Managed'
Mono path[1] = 'C:/Program Files/Unity/Hub/Editor/2020.3.20f1/Editor/Data/MonoBleedingEdge/lib/mono/unityjit'
Mono config path = 'C:/Program Files/Unity/Hub/Editor/2020.3.20f1/Editor/Data/MonoBleedingEdge/etc'
Using monoOptions --debugger-agent=transport=dt_socket,embedding=1,server=y,suspend=n,address=127.0.0.1:56460
Begin MonoManager ReloadAssembly
